[0mCMake Deprecation Warning at CMakeLists.txt:1 (cmake_minimum_required):
  Compatibility with CMake < 2.8.12 will be removed from a future version of
  CMake.

  Update the VERSION argument <min> value or use a ...<max> suffix to tell
  CMake that the project does not need compatibility with older versions.

[0m
-- The C compiler identification is GNU 11.3.0
-- The CXX compiler identification is GNU 11.3.0
-- Detecting C compiler ABI info
-- Detecting C compiler ABI info - done
-- Check for working C compiler: /usr/bin/cc - skipped
-- Detecting C compile features
-- Detecting C compile features - done
-- Detecting CXX compiler ABI info
-- Detecting CXX compiler ABI info - done
-- Check for working CXX compiler: /usr/bin/c++ - skipped
-- Detecting CXX compile features
-- Detecting CXX compile features - done
-- Performing Test COMPILER_SUPPORTS_CXX11
-- Performing Test COMPILER_SUPPORTS_CXX11 - Success
-- Performing Test COMPILER_SUPPORTS_CXX0X
-- Performing Test COMPILER_SUPPORTS_CXX0X - Success
-- Using flag -std=c++11.
-- Configuring done
[33mCMake Warning (dev) at CMakeLists.txt:57 (add_executable):
  Policy CMP0003 should be set before this line.  Add code such as

    if(COMMAND cmake_policy)
      cmake_policy(SET CMP0003 NEW)
    endif(COMMAND cmake_policy)

  as early as possible but after the most recent call to
  cmake_minimum_required or cmake_policy(VERSION).  This warning appears
  because target "Mono" links to some libraries for which the linker must
  search:

    -lboost_system

  and other libraries with known full path:

    /usr/lib/x86_64-linux-gnu/libopencv_stitching.so.4.5.4d
    /home/hvk/Developments/projects_ws/ORB_SLAM3_ROS2_REALSENSE/ROS2/ORB_SLAM3/../../Thirdparty/DBoW2/lib/libDBoW2.so
    /home/hvk/Developments/projects_ws/ORB_SLAM3_ROS2_REALSENSE/ROS2/ORB_SLAM3/../../Thirdparty/g2o/lib/libg2o.so
    /home/hvk/Developments/projects_ws/ORB_SLAM3_ROS2_REALSENSE/ROS2/ORB_SLAM3/../../lib/libORB_SLAM3.so

  CMake is adding directories in the second list to the linker search path in
  case they are needed to find libraries from the first list (for backwards
  compatibility with CMake 2.4).  Set policy CMP0003 to OLD or NEW to enable
  or disable this behavior explicitly.  Run "cmake --help-policy CMP0003" for
  more information.
This warning is for project developers.  Use -Wno-dev to suppress it.
[0m
-- Generating done
-- Build files have been written to: /home/hvk/Developments/projects_ws/ORB_SLAM3_ROS2_REALSENSE/ROS2/build/ORB_SLAM3
[ 23%] [32mBuilding CXX object CMakeFiles/Mono.dir/src/ros_mono.o[0m
[ 23%] [32mBuilding CXX object CMakeFiles/MonoAR.dir/src/AR/ViewerAR.o[0m
[ 23%] [32mBuilding CXX object CMakeFiles/MonoAR.dir/src/AR/ros_mono_ar.o[0m
[ 30%] [32mBuilding CXX object CMakeFiles/Mono_Inertial.dir/src/ros_mono_inertial.o[0m
[ 38%] [32mBuilding CXX object CMakeFiles/Stereo.dir/src/ros_stereo.o[0m
[ 53%] [32mBuilding CXX object CMakeFiles/Stereo_Inertial.dir/src/ros_stereo_inertial.o[0m
[ 53%] [32mBuilding CXX object CMakeFiles/RGBD.dir/src/ros_rgbd.o[0m
[01m[K/home/hvk/Developments/projects_ws/ORB_SLAM3_ROS2_REALSENSE/ROS2/ORB_SLAM3/src/ros_rgbd.cc:25:9:[m[K [01;31m[Kfatal error: [m[Kros/ros.h: No such file or directory
   25 | #include[01;31m[K<ros/ros.h>[m[K
      |         [01;31m[K^~~~~~~~~~~[m[K
compilation terminated.
gmake[2]: *** [CMakeFiles/RGBD.dir/build.make:76: CMakeFiles/RGBD.dir/src/ros_rgbd.o] Error 1
gmake[1]: *** [CMakeFiles/Makefile2:171: CMakeFiles/RGBD.dir/all] Error 2
gmake[1]: *** Waiting for unfinished jobs....
[01m[K/home/hvk/Developments/projects_ws/ORB_SLAM3_ROS2_REALSENSE/ROS2/ORB_SLAM3/src/AR/ros_mono_ar.cc:25:9:[m[K [01;31m[Kfatal error: [m[Kros/ros.h: No such file or directory
   25 | #include[01;31m[K<ros/ros.h>[m[K
      |         [01;31m[K^~~~~~~~~~~[m[K
compilation terminated.
[01m[K/home/hvk/Developments/projects_ws/ORB_SLAM3_ROS2_REALSENSE/ROS2/ORB_SLAM3/src/ros_mono.cc:25:9:[m[K [01;31m[Kfatal error: [m[Kros/ros.h: No such file or directory
   25 | #include[01;31m[K<ros/ros.h>[m[K
      |         [01;31m[K^~~~~~~~~~~[m[K
compilation terminated.
[01m[K/home/hvk/Developments/projects_ws/ORB_SLAM3_ROS2_REALSENSE/ROS2/ORB_SLAM3/src/ros_stereo.cc:25:9:[m[K [01;31m[Kfatal error: [m[Kros/ros.h: No such file or directory
   25 | #include[01;31m[K<ros/ros.h>[m[K
      |         [01;31m[K^~~~~~~~~~~[m[K
compilation terminated.
gmake[2]: *** [CMakeFiles/MonoAR.dir/build.make:76: CMakeFiles/MonoAR.dir/src/AR/ros_mono_ar.o] Error 1
gmake[2]: *** [CMakeFiles/Mono.dir/build.make:76: CMakeFiles/Mono.dir/src/ros_mono.o] Error 1
gmake[2]: *** Waiting for unfinished jobs....
gmake[1]: *** [CMakeFiles/Makefile2:93: CMakeFiles/Mono.dir/all] Error 2
gmake[2]: *** [CMakeFiles/Stereo.dir/build.make:76: CMakeFiles/Stereo.dir/src/ros_stereo.o] Error 1
gmake[1]: *** [CMakeFiles/Makefile2:145: CMakeFiles/Stereo.dir/all] Error 2
[01m[K/home/hvk/Developments/projects_ws/ORB_SLAM3_ROS2_REALSENSE/ROS2/ORB_SLAM3/src/ros_mono_inertial.cc:28:9:[m[K [01;31m[Kfatal error: [m[Kros/ros.h: No such file or directory
   28 | #include[01;31m[K<ros/ros.h>[m[K
      |         [01;31m[K^~~~~~~~~~~[m[K
compilation terminated.
[01m[K/home/hvk/Developments/projects_ws/ORB_SLAM3_ROS2_REALSENSE/ROS2/ORB_SLAM3/src/ros_stereo_inertial.cc:28:9:[m[K [01;31m[Kfatal error: [m[Kros/ros.h: No such file or directory
   28 | #include[01;31m[K<ros/ros.h>[m[K
      |         [01;31m[K^~~~~~~~~~~[m[K
compilation terminated.
gmake[2]: *** [CMakeFiles/Mono_Inertial.dir/build.make:76: CMakeFiles/Mono_Inertial.dir/src/ros_mono_inertial.o] Error 1
gmake[1]: *** [CMakeFiles/Makefile2:197: CMakeFiles/Mono_Inertial.dir/all] Error 2
gmake[2]: *** [CMakeFiles/Stereo_Inertial.dir/build.make:76: CMakeFiles/Stereo_Inertial.dir/src/ros_stereo_inertial.o] Error 1
gmake[1]: *** [CMakeFiles/Makefile2:223: CMakeFiles/Stereo_Inertial.dir/all] Error 2
In file included from [01m[K/home/hvk/Developments/projects_ws/ORB_SLAM3_ROS2_REALSENSE/ROS2/ORB_SLAM3/src/AR/ViewerAR.cc:19[m[K:
[01m[K/home/hvk/Developments/projects_ws/ORB_SLAM3_ROS2_REALSENSE/ROS2/ORB_SLAM3/src/AR/ViewerAR.h:25:10:[m[K [01;31m[Kfatal error: [m[Kpangolin/pangolin.h: No such file or directory
   25 | #include [01;31m[K<pangolin/pangolin.h>[m[K
      |          [01;31m[K^~~~~~~~~~~~~~~~~~~~~[m[K
compilation terminated.
gmake[2]: *** [CMakeFiles/MonoAR.dir/build.make:90: CMakeFiles/MonoAR.dir/src/AR/ViewerAR.o] Error 1
gmake[1]: *** [CMakeFiles/Makefile2:119: CMakeFiles/MonoAR.dir/all] Error 2
gmake: *** [Makefile:91: all] Error 2
